double variable location at 00000BA15AAD8FF8
NTokenizer::TokenizeFile
Creating tree at address 00000BA1647E20D0 with key moveUpDelta
Creating tree at address 00000BA1647E2080 with key 
Applying json double to variable at 00000000000003F8!
double variable location at 00000B75ED28C3F8
NTokenizer::TokenizeFile
Creating tree at address 00000B7628CD6130 with key moveUpDelta
Creating tree at address 00000B7628CD52D0 with key 
Applying json double to variable at 00000B75ED28C3F8!
double variable location at 00000B76269757F8
NTokenizer::TokenizeFile
Creating tree at address 00000B7603999510 with key moveUpDelta
Creating tree at address 00000B7603999740 with key 
Applying json double to variable at 00000B76269757F8!
double variable location at 00000B76269777F8
NTokenizer::TokenizeFile
Creating tree at address 00000B7603998160 with key moveUpDelta
Creating tree at address 00000B76039980C0 with key 
Applying json double to variable at 00000B76269777F8!
double variable location at 00000B76039EB7F8
NTokenizer::TokenizeFile
Creating tree at address 00000B76039947E0 with key moveUpDelta
Creating tree at address 00000B7603994790 with key scaleChange
Creating tree at address 00000B76039946F0 with key 
Applying json double to variable at 00000B76039EB7F8!
Applying json double to variable at 00000B76039EB800!
double variable location at 00000B76267117F8
NTokenizer::TokenizeFile
Creating tree at address 00000B7603998B10 with key moveUpDelta
Creating tree at address 00000B7603998B60 with key scaleChange
Creating tree at address 00000B7603999A10 with key 
Applying json double to variable at 00000B76267117F8!
Applying json double to variable at 00000B7626711800!
NTokenizer::TokenizeFile
Creating tree at address 00000B760399D660 with key moveUpDelta
Creating tree at address 00000B760399D840 with key scaleChange
Creating tree at address 00000B760399D750 with key 
Applying json double to variable at 00000B7603B017F8!
Applying json double to variable at 00000B7603B01800!
NTokenizer::TokenizeFile
Creating tree at address 00000B760399F690 with key moveUpDelta
Creating tree at address 00000B760399F6E0 with key scaleChange
Creating tree at address 00000B760399F730 with key 
Applying json double to variable at 00000B761BB07BF8!
Applying json double to variable at 00000B761BB07C00!
NTokenizer::TokenizeFile
Creating tree at address 00000B760399FDC0 with key moveUpDelta
Creating tree at address 00000B760399C850 with key scaleChange
Creating tree at address 00000B760399FAA0 with key 
Applying json double to variable at 00000B76269EE9F8!
Applying json double to variable at 00000B76269EEA00!
NTokenizer::TokenizeFile
Creating tree at address 00000B7628CD3B60 with key moveUpDelta
Creating tree at address 00000B7628CD39D0 with key scaleChange
Creating tree at address 00000B7628CD3B10 with key 
Applying json double to variable at 00000B7626A467F8!
Applying json double to variable at 00000B7626A46800!
NTokenizer::TokenizeFile
Creating tree at address 00000B7628CD1810 with key moveUpDelta
Creating tree at address 00000B7628CDC0D0 with key scaleChange
Creating tree at address 00000B7628CD1630 with key 
Applying json double to variable at 00000B76269E3AF8!
Applying json double to variable at 00000B76269E3B00!
NTokenizer::TokenizeFile
Creating tree at address 00000B7628CDF9B0 with key moveUpDelta
Creating tree at address 00000B7628CD0050 with key 
Applying json double to variable at 00000B76269EC6F8!
Required field scaleChange is missing from json!NTokenizer::TokenizeFile
Creating tree at address 00000B7626DD7D50 with key moveUpDelta
Creating tree at address 00000B7626DD7E90 with key 
Applying json double to variable at 00000B7626DAA8F8!
Required field scaleChange is missing from json!NTokenizer::TokenizeFile
Creating tree at address 00000B7626DD7D50 with key moveUpDelta
Creating tree at address 00000B7626DD81B0 with key scaleChange
Creating tree at address 00000B7626DD69F0 with key 
Applying json double to variable at 00000B75FF5849F8!
Applying json double to variable at 00000B75FF584A00!
NTokenizer::TokenizeFile
Creating tree at address 00000B76237E8CF0 with key moveUpDelta
Creating tree at address 00000B76237E86B0 with key 
Applying json double to variable at 00000B7603B0DFF8!
Required field scaleChange is missing from json!NTokenizer::TokenizeFile
Creating tree at address 00000B761BFC9470 with key moveUpDelta
Creating tree at address 00000B761BFCB090 with key 
Applying json double to variable at 00000B7632FFDFF8!
Required field scaleChange is missing from json!NTokenizer::TokenizeFile
Creating tree at address 00000B7637B16860 with key moveUpDelta
Creating tree at address 00000B7637B1D890 with key 
Applying json double to variable at 00000B764E98F8F8!
Required field scaleChange is missing from json!NTokenizer::TokenizeFile
Creating tree at address 00000B7637B1D6B0 with key moveUpDelta
Creating tree at address 00000B7637B17BC0 with key 
Applying json double to variable at 00000B75F07E80F8!
Required field scaleChange is missing from json!NTokenizer::TokenizeFile
Creating tree at address 00000B7637B1B090 with key moveUpDelta
Creating tree at address 00000B7637B1BEF0 with key 
Applying json double to variable at 00000B764E912BF8!
Required field scaleChange is missing from json!NTokenizer::TokenizeFile
Creating tree at address 00000B761BFCAC30 with key moveUpDelta
Creating tree at address 00000B761BFC5FF0 with key apples
Creating tree at address 00000B761BFC5410 with key 
Applying json double to variable at 00000B762A2553F8!
Applying json double to variable at 00000B762A255400!
NTokenizer::TokenizeFile
Creating tree at address 00000B765B92A870 with key moveUpDelta
Creating tree at address 00000B765B92A8C0 with key apples
Creating tree at address 00000B765B92A9B0 with key 
Applying json double to variable at 00000B765BC42BF8!
Applying json double to variable at 00000B765BC42C00!
double variable location at 0000072D54463FF8
NTokenizer::TokenizeFile
Creating tree at address 0000072D5384D750 with key moveUpDelta
Creating tree at address 0000072D5384D7A0 with key apples
Creating tree at address 0000072D5384DD90 with key 
Applying json double to variable at 0000072D54463FF8!
NTokenizer::TokenizeFile
Creating tree at address 0000072D4683C210 with key moveUpDelta
Creating tree at address 0000072D4683C260 with key apples
Creating tree at address 0000072D4683C2B0 with key 
Applying json double to variable at 0000072D5AFD8AF8!
Applying json double to variable at 0000072D5AFD8B00!
NTokenizer::TokenizeFile
Creating tree at address 0000072D4683D610 with key moveUpDelta
Creating tree at address 0000072D4683D660 with key apples
Creating tree at address 0000072D4683D6B0 with key 
Applying json double to variable at 0000072D46FA4EF8!
Applying json double to variable at 0000072D46FA4F00!
NTokenizer::TokenizeFile
Creating tree at address 0000083BC21FBDB0 with key moveUpDelta
Creating tree at address 0000083BC21FBD60 with key apples
Creating tree at address 0000083BC21FBD10 with key 
NTokenizer::TokenizeFile
Creating tree at address 0000083B9D4288E0 with key moveUpDelta
Creating tree at address 0000083B9D428700 with key apples
Creating tree at address 0000083B9D428930 with key 
NTokenizer::TokenizeFile
Creating tree at address 0000083BB483F8C0 with key moveUpDelta
Creating tree at address 0000083BB483F870 with key apples
Creating tree at address 0000083BB483F960 with key 
NTokenizer::TokenizeFile
Creating tree at address 0000083B9D42D7A0 with key moveUpDelta
Creating tree at address 0000083B9D42D840 with key apples
Creating tree at address 0000083B9D42D8E0 with key 
NTokenizer::TokenizeFile
Creating tree at address 0000083B9D42FF50 with key moveUpDelta
Creating tree at address 0000083B9D42FFA0 with key apples
Creating tree at address 0000083B9D42FF00 with key 
NTokenizer::TokenizeFile
Creating tree at address 0000083BC21F7C10 with key jumpSpeed
Creating tree at address 0000083BC21F7D50 with key 
NTokenizer::TokenizeFile
Creating tree at address 0000083BC21FBCC0 with key moveUpDelta
Creating tree at address 0000083BC21FC080 with key apples
Creating tree at address 0000083BC21FC0D0 with key 
NTokenizer::TokenizeFile
Creating tree at address 0000083BC21FC4E0 with key jumpSpeed
Creating tree at address 0000083BC21FC620 with key 
NTokenizer::TokenizeFile
Creating tree at address 0000083BC21F9CE0 with key moveUpDelta
Creating tree at address 0000083BC21F1540 with key apples
Creating tree at address 0000083BC21F9E20 with key 
NTokenizer::TokenizeFile
Creating tree at address 0000083BC21FA3C0 with key jumpSpeed
Creating tree at address 0000083BC21FA820 with key 
NTokenizer::TokenizeFile
Creating tree at address 0000083BC21FE920 with key moveUpDelta
Creating tree at address 0000083BC21FCE40 with key apples
Creating tree at address 0000083BC21FA2D0 with key 
NTokenizer::TokenizeFile
Creating tree at address 0000083BC21FE330 with key jumpSpeed
Creating tree at address 0000083BC21FEDD0 with key 
NTokenizer::TokenizeFile
Creating tree at address 0000083BBC7EA730 with key moveUpDelta
Creating tree at address 0000083BBC7EB090 with key apples
Creating tree at address 0000083BBC7EB0E0 with key 
NTokenizer::TokenizeFile
Creating tree at address 0000083BBC7EBB80 with key jumpSpeed
Creating tree at address 0000083BBC7EBC70 with key 
NTokenizer::TokenizeFile
Creating tree at address 00000B8439749B50 with key moveUpDelta
Creating tree at address 00000B8439749BA0 with key apples
Creating tree at address 00000B8439749BF0 with key 
NTokenizer::TokenizeFile
Creating tree at address 00000B8439749A60 with key jumpSpeed
Creating tree at address 00000B8439749AB0 with key 
NTokenizer::TokenizeFile
Creating tree at address 00000B843974C580 with key moveUpDelta
Creating tree at address 00000B843974C5D0 with key apples
Creating tree at address 00000B843974C620 with key 
NTokenizer::TokenizeFile
Creating tree at address 00000B843974CB70 with key jumpSpeed
Creating tree at address 00000B843974CBC0 with key runSpeed
Creating tree at address 00000B843974CC10 with key 
NTokenizer::TokenizeFile
Creating tree at address 000004C01BFD21C0 with key moveUpDelta
Creating tree at address 000004C01BFD3250 with key apples
Creating tree at address 000004C01BFD2580 with key 
NTokenizer::TokenizeFile
Creating tree at address 000004C01BFD1860 with key jumpSpeed
Creating tree at address 000004C01BFD1770 with key runSpeed
Creating tree at address 000004C01BFD1680 with key 
NTokenizer::TokenizeFile
Creating tree at address 000004C014FC8890 with key moveUpDelta
Creating tree at address 000004C014FC8F70 with key apples
Creating tree at address 000004C014FC8FC0 with key 
NTokenizer::TokenizeFile
Creating tree at address 000004C014FC9510 with key jumpSpeed
Creating tree at address 000004C014FC9560 with key runSpeed
Creating tree at address 000004C014FC95B0 with key 
NTokenizer::TokenizeFile
Creating tree at address 000004C02BF65960 with key moveUpDelta
Creating tree at address 000004C02BF659B0 with key apples
Creating tree at address 000004C02BF65FA0 with key 
NTokenizer::TokenizeFile
Creating tree at address 000004C02BF664F0 with key jumpSpeed
Creating tree at address 000004C02BF66540 with key runSpeed
Creating tree at address 000004C02BF66590 with key 
NTokenizer::TokenizeFile
Creating tree at address 000004C02BF61270 with key moveUpDelta
Creating tree at address 000004C02BF62440 with key apples
Creating tree at address 000004C02BF605F0 with key 
NTokenizer::TokenizeFile
Creating tree at address 000004C02BF61EA0 with key jumpSpeed
Creating tree at address 000004C02BF62B20 with key runSpeed
Creating tree at address 000004C02BF61400 with key 
NTokenizer::TokenizeFile
Creating tree at address 000004C02BF65320 with key moveUpDelta
Creating tree at address 000004C02BF65190 with key apples
Creating tree at address 000004C02BF61590 with key 
NTokenizer::TokenizeFile
Creating tree at address 000004C02BF64B50 with key jumpSpeed
Creating tree at address 000004C02BF62120 with key runSpeed
Creating tree at address 000004C02BF61EF0 with key 
NTokenizer::TokenizeFile
Creating tree at address 000004C02BF6BEA0 with key moveUpDelta
Creating tree at address 000004C02BF6BD10 with key apples
Creating tree at address 000004C02BF6BE00 with key 
NTokenizer::TokenizeFile
Creating tree at address 000004C02BF6B2C0 with key jumpSpeed
Creating tree at address 000004C02BF6B1D0 with key runSpeed
Creating tree at address 000004C02BF6B220 with key 
NTokenizer::TokenizeFile
Creating tree at address 000004C02BF6D660 with key moveUpDelta
Creating tree at address 000004C02BF6D840 with key apples
Creating tree at address 000004C02BF6D750 with key 
NTokenizer::TokenizeFile
Creating tree at address 000004C02BF6E240 with key jumpSpeed
Creating tree at address 000004C02BF6E290 with key runSpeed
Creating tree at address 000004C02BF6E2E0 with key 
NTokenizer::TokenizeFile
Creating tree at address 000004C02BF6B5E0 with key moveUpDelta
Creating tree at address 000004C02BF64740 with key apples
Creating tree at address 000004C02BF60A50 with key 
NTokenizer::TokenizeFile
Creating tree at address 000004C02BF60EB0 with key jumpSpeed
Creating tree at address 000004C02BF6E380 with key runSpeed
Creating tree at address 000004C02BF62C10 with key 
NTokenizer::TokenizeFile
Creating tree at address 000004C02BF64F10 with key moveUpDelta
Creating tree at address 000004C02BF690B0 with key apples
Creating tree at address 000004C02BF68390 with key 
NTokenizer::TokenizeFile
Creating tree at address 000004C02BF655A0 with key jumpSpeed
Creating tree at address 000004C02BF6B4A0 with key runSpeed
Creating tree at address 000004C02BF60EB0 with key 
NTokenizer::TokenizeFile
Creating tree at address 000004C02BF67490 with key moveUpDelta
Creating tree at address 000004C02BF68ED0 with key apples
Creating tree at address 000004C02BF61630 with key 
NTokenizer::TokenizeFile
Creating tree at address 000004C02BF69A60 with key jumpSpeed
Creating tree at address 000004C02BF69150 with key runSpeed
Creating tree at address 000004C02BF67B20 with key 
NTokenizer::TokenizeFile
Creating tree at address 000004C02BF61B80 with key moveUpDelta
Creating tree at address 000004C02BF62DA0 with key apples
Creating tree at address 000004C02BF63700 with key 
NTokenizer::TokenizeFile
Creating tree at address 000004C02BF61EF0 with key jumpSpeed
Creating tree at address 000004C02BF62530 with key runSpeed
Creating tree at address 000004C02BF6F730 with key 
NTokenizer::TokenizeFile
Creating tree at address 000004C014FCF820 with key moveUpDelta
Creating tree at address 000004C014FCF870 with key apples
Creating tree at address 000004C014FCF960 with key 
NTokenizer::TokenizeFile
Creating tree at address 000004BFFB9926C0 with key jumpSpeed
Creating tree at address 000004BFFB993070 with key runSpeed
Creating tree at address 000004BFFB993660 with key 
NTokenizer::TokenizeFile
Creating tree at address 000004BFFB99A9B0 with key moveUpDelta
Creating tree at address 000004BFFB99A6E0 with key apples
Creating tree at address 000004BFFB99A8C0 with key 
NTokenizer::TokenizeFile
Creating tree at address 000004BFFB99B2C0 with key jumpSpeed
Creating tree at address 000004BFFB99B310 with key runSpeed
Creating tree at address 000004BFFB99B360 with key 
NTokenizer::TokenizeFile
Creating tree at address 000004BFFB99DF70 with key moveUpDelta
Creating tree at address 000004BFFB99DFC0 with key apples
Creating tree at address 000004BFFB99E010 with key 
NTokenizer::TokenizeFile
Creating tree at address 000004BFFB99E560 with key jumpSpeed
Creating tree at address 000004BFFB99E5B0 with key runSpeed
Creating tree at address 000004BFFB99E600 with key 
NTokenizer::TokenizeFile
Creating tree at address 000004BFFB998430 with key moveUpDelta
Creating tree at address 000004BFFB9990B0 with key apples
Creating tree at address 000004BFFB996270 with key 
NTokenizer::TokenizeFile
Creating tree at address 000004BFFB99A7D0 with key jumpSpeed
Creating tree at address 000004BFFB99A050 with key runSpeed
Creating tree at address 000004BFFB99C670 with key 
NTokenizer::TokenizeFile
Creating tree at address 00000659DB6EA9B0 with key moveUpDelta
Creating tree at address 00000659DB6EAA00 with key apples
Creating tree at address 00000659DB6EAA50 with key 
NTokenizer::TokenizeFile
Creating tree at address 00000659DB6EAF00 with key jumpSpeed
Creating tree at address 00000659DB6EADC0 with key runSpeed
Creating tree at address 00000659DB6EAA50 with key 
NTokenizer::TokenizeFile
Creating tree at address 00000659B319A910 with key moveUpDelta
Creating tree at address 00000659B319A8C0 with key apples
Creating tree at address 00000659B319A9B0 with key 
NTokenizer::TokenizeFile
Creating tree at address 00000659B319B180 with key jumpSpeed
Creating tree at address 00000659B319B1D0 with key runSpeed
Creating tree at address 00000659B319B220 with key 
NTokenizer::TokenizeFile
Creating tree at address 00000659B319EEC0 with key moveUpDelta
Creating tree at address 00000659B319EE70 with key apples
Creating tree at address 00000659B319EE20 with key 
NTokenizer::TokenizeFile
Creating tree at address 00000659B319E2E0 with key jumpSpeed
Creating tree at address 00000659B319E330 with key runSpeed
Creating tree at address 00000659B319E240 with key 
NTokenizer::TokenizeFile
Creating tree at address 00000659E8D05960 with key moveUpDelta
Creating tree at address 00000659E8D05910 with key apples
Creating tree at address 00000659E8D05A00 with key 
NTokenizer::TokenizeFile
Creating tree at address 00000659E8D061D0 with key jumpSpeed
Creating tree at address 00000659E8D06220 with key runSpeed
Creating tree at address 00000659E8D06270 with key 
NTokenizer::TokenizeFile
Creating tree at address 00000659CDFC8840 with key moveUpDelta
Creating tree at address 00000659CDFCC490 with key apples
Creating tree at address 00000659CDFC37A0 with key 
NTokenizer::TokenizeFile
Creating tree at address 00000659CDFCFB40 with key jumpSpeed
Creating tree at address 00000659CDFC6860 with key runSpeed
Creating tree at address 00000659CDFC7C60 with key 
NTokenizer::TokenizeFile
Creating tree at address 00000659EE97A910 with key moveUpDelta
Creating tree at address 00000659EE97A8C0 with key apples
Creating tree at address 00000659EE97A9B0 with key 
NTokenizer::TokenizeFile
Creating tree at address 00000659EE97B180 with key jumpSpeed
Creating tree at address 00000659EE97B1D0 with key runSpeed
Creating tree at address 00000659EE97B220 with key 
NTokenizer::TokenizeFile
Creating tree at address 00000659EE97D570 with key moveUpDelta
Creating tree at address 00000659EE97D6B0 with key apples
Creating tree at address 00000659EE97D660 with key 
NTokenizer::TokenizeFile
Creating tree at address 00000659EE97E0B0 with key jumpSpeed
Creating tree at address 00000659EE97E100 with key runSpeed
Creating tree at address 00000659EE97E150 with key 
